<?xml version="1.0" encoding="UTF-8" ?>
<testsuite failures="0" time="10.799" errors="0" skipped="0" tests="9" name="com.puglieseweb.server.domain.FeedbackIntegrationTest">
  <properties>
[...]
</properties>
  <testcase time="7.972" classname="com.puglieseweb.server.domain.FeedbackIntegrationTest" name="testMarkerMethod"/>
  <testcase time="1.133" classname="com.puglieseweb.server.domain.FeedbackIntegrationTest" name="testCountFeedbacks"/>
  <testcase time="0.073" classname="com.puglieseweb.server.domain.FeedbackIntegrationTest" name="testFindFeedback"/>
  <testcase time="0.11" classname="com.puglieseweb.server.domain.FeedbackIntegrationTest" name="testFindAllFeedbacks"/>
  <testcase time="0.137" classname="com.puglieseweb.server.domain.FeedbackIntegrationTest" name="testFindFeedbackEntries"/>
  <testcase time="0.139" classname="com.puglieseweb.server.domain.FeedbackIntegrationTest" name="testFlush"/>
  <testcase time="0.105" classname="com.puglieseweb.server.domain.FeedbackIntegrationTest" name="testMerge"/>
  <testcase time="0.083" classname="com.puglieseweb.server.domain.FeedbackIntegrationTest" name="testPersist"/>
  <testcase time="0.199" classname="com.puglieseweb.server.domain.FeedbackIntegrationTest" name="testRemove"/>
</testsuite>